<?xml version="1.0" encoding="UTF-8"?>
<!-- Generated by org.testng.reporters.JUnitXMLReporter -->
<testsuite ignored="1" hostname="DESKTOP-V3JFF3U" failures="1" tests="2" name="Test" time="125.583" errors="0" timestamp="2022-06-02T06:23:31 PDT">
  <testcase classname="test.TestLoginPage" name="verifyLogin" time="13.86"/>
  <testcase classname="test.TestHomePage" name="verifyloginbtn" time="0.004">
    <failure type="java.lang.NullPointerException">
      <![CDATA[java.lang.NullPointerException
at org.openqa.selenium.support.pagefactory.DefaultElementLocator.findElement(DefaultElementLocator.java:70)
at org.openqa.selenium.support.pagefactory.internal.LocatingElementHandler.invoke(LocatingElementHandler.java:39)
at com.sun.proxy.$Proxy17.click(Unknown Source)
at Pages.HomePage.clicklogin(HomePage.java:23)
at test.TestHomePage.verifyloginbtn(TestHomePage.java:20)
at java.base/java.util.ArrayList.forEach(ArrayList.java:1541)
... Removed 27 stack frames]]>
    </failure>
  </testcase> <!-- verifyloginbtn -->
  <testcase classname="test.Testbase" name="@BeforeTest setUp" time="0.0">
    <ignored/>
  </testcase> <!-- @BeforeTest setUp -->
</testsuite> <!-- Test -->
