<?xml version="1.0" encoding="UTF-8"?>
<testng-results ignored="0" total="2" passed="2" failed="0" skipped="0">
  <reporter-output>
  </reporter-output>
  <suite started-at="2022-06-14T07:48:40 PDT" name="Default suite" finished-at="2022-06-14T07:49:57 PDT" duration-ms="76980">
    <groups>
    </groups>
    <test started-at="2022-06-14T07:48:40 PDT" name="Default test" finished-at="2022-06-14T07:49:57 PDT" duration-ms="76980">
      <class name="test.TestLoginPage">
        <test-method is-config="true" signature="setUp()[pri:0, instance:test.TestLoginPage@6c284af]" started-at="2022-06-14T07:48:40 PDT" name="setUp" finished-at="2022-06-14T07:48:53 PDT" duration-ms="13206" status="PASS">
          <reporter-output>
          </reporter-output>
        </test-method> <!-- setUp -->
        <test-method signature="verifyLogin(java.lang.String,java.lang.String)[pri:0, instance:test.TestLoginPage@6c284af]" started-at="2022-06-14T07:48:55 PDT" name="verifyLogin" data-provider="login" finished-at="2022-06-14T07:48:59 PDT" duration-ms="3851" status="PASS">
          <params>
            <param index="0">
              <value>
                <![CDATA[ramy@gmail.com]]>
              </value>
            </param>
            <param index="1">
              <value>
                <![CDATA[123456]]>
              </value>
            </param>
          </params>
          <reporter-output>
          </reporter-output>
        </test-method> <!-- verifyLogin -->
        <test-method signature="verifyLogin(java.lang.String,java.lang.String)[pri:0, instance:test.TestLoginPage@6c284af]" started-at="2022-06-14T07:48:59 PDT" name="verifyLogin" data-provider="login" finished-at="2022-06-14T07:49:57 PDT" duration-ms="58128" status="PASS">
          <params>
            <param index="0">
              <value>
                <![CDATA[mahmoud@yahoo.com]]>
              </value>
            </param>
            <param index="1">
              <value>
                <![CDATA[12345po]]>
              </value>
            </param>
          </params>
          <reporter-output>
          </reporter-output>
        </test-method> <!-- verifyLogin -->
      </class> <!-- test.TestLoginPage -->
    </test> <!-- Default test -->
  </suite> <!-- Default suite -->
</testng-results>
